This is pdfTeX, Version 3.1415926-1.40.10 (TeX Live 2009/Debian) (format=latex 2011.1.1)  4 FEB 2011 17:21
entering extended mode
 restricted \write18 enabled.
 %&-line parsing enabled.
**api.tex
(./api.tex
LaTeX2e <2009/09/24>
Babel <v3.8l> and hyphenation patterns for english, usenglishmax, dumylang, noh
yphenation, portuguese, loaded.
(/usr/share/texmf-texlive/tex/latex/base/article.cls
Document Class: article 2007/10/19 v1.4h Standard LaTeX document class
(/usr/share/texmf-texlive/tex/latex/base/size10.clo
File: size10.clo 2007/10/19 v1.4h Standard LaTeX file (size option)
)
\c@part=\count79
\c@section=\count80
\c@subsection=\count81
\c@subsubsection=\count82
\c@paragraph=\count83
\c@subparagraph=\count84
\c@figure=\count85
\c@table=\count86
\abovecaptionskip=\skip41
\belowcaptionskip=\skip42
\bibindent=\dimen102
)
(/usr/share/texmf-texlive/tex/latex/base/alltt.sty
Package: alltt 1997/06/16 v2.0g defines alltt environment
)
(/usr/share/texmf-texlive/tex/latex/ltxmisc/parskip.sty
Package: parskip 2001/04/09 non-zero parskip adjustments
)
(/usr/share/texmf-texlive/tex/latex/fancyhdr/fancyhdr.sty
\fancy@headwidth=\skip43
\f@ncyO@elh=\skip44
\f@ncyO@erh=\skip45
\f@ncyO@olh=\skip46
\f@ncyO@orh=\skip47
\f@ncyO@elf=\skip48
\f@ncyO@erf=\skip49
\f@ncyO@olf=\skip50
\f@ncyO@orf=\skip51
)
(/usr/share/texmf-texlive/tex/latex/ltxmisc/boxedminipage.sty)
(/usr/share/texmf-texlive/tex/latex/base/makeidx.sty
Package: makeidx 2000/03/29 v1.0m Standard LaTeX package
)
(/usr/share/texmf-texlive/tex/latex/multirow/multirow.sty
\bigstrutjot=\dimen103
)
(/usr/share/texmf-texlive/tex/latex/tools/longtable.sty
Package: longtable 2004/02/01 v4.11 Multi-page Table package (DPC)
\LTleft=\skip52
\LTright=\skip53
\LTpre=\skip54
\LTpost=\skip55
\LTchunksize=\count87
\LTcapwidth=\dimen104
\LT@head=\box26
\LT@firsthead=\box27
\LT@foot=\box28
\LT@lastfoot=\box29
\LT@cols=\count88
\LT@rows=\count89
\c@LT@tables=\count90
\c@LT@chunks=\count91
\LT@p@ftn=\toks14
)
(/usr/share/texmf-texlive/tex/latex/tocbibind/tocbibind.sty
Package: tocbibind 2009/09/04 v1.5i extra ToC listings


Package tocbibind Note: The document has section divisions.


Package tocbibind Note: Using section or other style headings.

) (/usr/share/texmf-texlive/tex/latex/amsfonts/amssymb.sty
Package: amssymb 2009/06/22 v3.00

(/usr/share/texmf-texlive/tex/latex/amsfonts/amsfonts.sty
Package: amsfonts 2009/06/22 v3.00 Basic AMSFonts support
\@emptytoks=\toks15
\symAMSa=\mathgroup4
\symAMSb=\mathgroup5
LaTeX Font Info:    Overwriting math alphabet `\mathfrak' in version `bold'
(Font)                  U/euf/m/n --> U/euf/b/n on input line 96.
))
(/usr/share/texmf-texlive/tex/latex/preprint/fullpage.sty
Package: fullpage 1999/02/23 1.1 (PWD)
\FP@margin=\skip56
)
(/usr/share/texmf-texlive/tex/latex/graphics/color.sty
Package: color 2005/11/14 v1.0j Standard LaTeX Color (DPC)

(/etc/texmf/tex/latex/config/color.cfg
File: color.cfg 2007/01/18 v1.5 color configuration of teTeX/TeXLive
)
Package color Info: Driver file: dvips.def on input line 130.

(/usr/share/texmf-texlive/tex/latex/graphics/dvips.def
File: dvips.def 1999/02/16 v3.0i Driver-dependant file (DPC,SPQR)
)
(/usr/share/texmf-texlive/tex/latex/graphics/dvipsnam.def
File: dvipsnam.def 1999/02/16 v3.0i Driver-dependant file (DPC,SPQR)
))
\BCL=\skip57
Package color Info: Redefining color py@inputcolour on input line 35.
\funcindent=\skip58
\funcwidth=\skip59
\varindent=\skip60
\varnamewidth=\skip61
\vardescrwidth=\skip62
\varwidth=\skip63

(/usr/share/texmf-texlive/tex/latex/base/inputenc.sty
Package: inputenc 2008/03/30 v1.1d Input encoding file
\inpenc@prehook=\toks16
\inpenc@posthook=\toks17

(/usr/share/texmf-texlive/tex/latex/base/utf8.def
File: utf8.def 2008/04/05 v1.1m UTF-8 support for inputenc
Now handling font encoding OML ...
... no UTF-8 mapping file for font encoding OML
Now handling font encoding T1 ...
... processing UTF-8 mapping file for font encoding T1

(/usr/share/texmf-texlive/tex/latex/base/t1enc.dfu
File: t1enc.dfu 2008/04/05 v1.1m UTF-8 support for inputenc
   defining Unicode char U+00A1 (decimal 161)
   defining Unicode char U+00A3 (decimal 163)
   defining Unicode char U+00AB (decimal 171)
   defining Unicode char U+00BB (decimal 187)
   defining Unicode char U+00BF (decimal 191)
   defining Unicode char U+00C0 (decimal 192)
   defining Unicode char U+00C1 (decimal 193)
   defining Unicode char U+00C2 (decimal 194)
   defining Unicode char U+00C3 (decimal 195)
   defining Unicode char U+00C4 (decimal 196)
   defining Unicode char U+00C5 (decimal 197)
   defining Unicode char U+00C6 (decimal 198)
   defining Unicode char U+00C7 (decimal 199)
   defining Unicode char U+00C8 (decimal 200)
   defining Unicode char U+00C9 (decimal 201)
   defining Unicode char U+00CA (decimal 202)
   defining Unicode char U+00CB (decimal 203)
   defining Unicode char U+00CC (decimal 204)
   defining Unicode char U+00CD (decimal 205)
   defining Unicode char U+00CE (decimal 206)
   defining Unicode char U+00CF (decimal 207)
   defining Unicode char U+00D0 (decimal 208)
   defining Unicode char U+00D1 (decimal 209)
   defining Unicode char U+00D2 (decimal 210)
   defining Unicode char U+00D3 (decimal 211)
   defining Unicode char U+00D4 (decimal 212)
   defining Unicode char U+00D5 (decimal 213)
   defining Unicode char U+00D6 (decimal 214)
   defining Unicode char U+00D8 (decimal 216)
   defining Unicode char U+00D9 (decimal 217)
   defining Unicode char U+00DA (decimal 218)
   defining Unicode char U+00DB (decimal 219)
   defining Unicode char U+00DC (decimal 220)
   defining Unicode char U+00DD (decimal 221)
   defining Unicode char U+00DE (decimal 222)
   defining Unicode char U+00DF (decimal 223)
   defining Unicode char U+00E0 (decimal 224)
   defining Unicode char U+00E1 (decimal 225)
   defining Unicode char U+00E2 (decimal 226)
   defining Unicode char U+00E3 (decimal 227)
   defining Unicode char U+00E4 (decimal 228)
   defining Unicode char U+00E5 (decimal 229)
   defining Unicode char U+00E6 (decimal 230)
   defining Unicode char U+00E7 (decimal 231)
   defining Unicode char U+00E8 (decimal 232)
   defining Unicode char U+00E9 (decimal 233)
   defining Unicode char U+00EA (decimal 234)
   defining Unicode char U+00EB (decimal 235)
   defining Unicode char U+00EC (decimal 236)
   defining Unicode char U+00ED (decimal 237)
   defining Unicode char U+00EE (decimal 238)
   defining Unicode char U+00EF (decimal 239)
   defining Unicode char U+00F0 (decimal 240)
   defining Unicode char U+00F1 (decimal 241)
   defining Unicode char U+00F2 (decimal 242)
   defining Unicode char U+00F3 (decimal 243)
   defining Unicode char U+00F4 (decimal 244)
   defining Unicode char U+00F5 (decimal 245)
   defining Unicode char U+00F6 (decimal 246)
   defining Unicode char U+00F8 (decimal 248)
   defining Unicode char U+00F9 (decimal 249)
   defining Unicode char U+00FA (decimal 250)
   defining Unicode char U+00FB (decimal 251)
   defining Unicode char U+00FC (decimal 252)
   defining Unicode char U+00FD (decimal 253)
   defining Unicode char U+00FE (decimal 254)
   defining Unicode char U+00FF (decimal 255)
   defining Unicode char U+0102 (decimal 258)
   defining Unicode char U+0103 (decimal 259)
   defining Unicode char U+0104 (decimal 260)
   defining Unicode char U+0105 (decimal 261)
   defining Unicode char U+0106 (decimal 262)
   defining Unicode char U+0107 (decimal 263)
   defining Unicode char U+010C (decimal 268)
   defining Unicode char U+010D (decimal 269)
   defining Unicode char U+010E (decimal 270)
   defining Unicode char U+010F (decimal 271)
   defining Unicode char U+0110 (decimal 272)
   defining Unicode char U+0111 (decimal 273)
   defining Unicode char U+0118 (decimal 280)
   defining Unicode char U+0119 (decimal 281)
   defining Unicode char U+011A (decimal 282)
   defining Unicode char U+011B (decimal 283)
   defining Unicode char U+011E (decimal 286)
   defining Unicode char U+011F (decimal 287)
   defining Unicode char U+0130 (decimal 304)
   defining Unicode char U+0131 (decimal 305)
   defining Unicode char U+0132 (decimal 306)
   defining Unicode char U+0133 (decimal 307)
   defining Unicode char U+0139 (decimal 313)
   defining Unicode char U+013A (decimal 314)
   defining Unicode char U+013D (decimal 317)
   defining Unicode char U+013E (decimal 318)
   defining Unicode char U+0141 (decimal 321)
   defining Unicode char U+0142 (decimal 322)
   defining Unicode char U+0143 (decimal 323)
   defining Unicode char U+0144 (decimal 324)
   defining Unicode char U+0147 (decimal 327)
   defining Unicode char U+0148 (decimal 328)
   defining Unicode char U+014A (decimal 330)
   defining Unicode char U+014B (decimal 331)
   defining Unicode char U+0150 (decimal 336)
   defining Unicode char U+0151 (decimal 337)
   defining Unicode char U+0152 (decimal 338)
   defining Unicode char U+0153 (decimal 339)
   defining Unicode char U+0154 (decimal 340)
   defining Unicode char U+0155 (decimal 341)
   defining Unicode char U+0158 (decimal 344)
   defining Unicode char U+0159 (decimal 345)
   defining Unicode char U+015A (decimal 346)
   defining Unicode char U+015B (decimal 347)
   defining Unicode char U+015E (decimal 350)
   defining Unicode char U+015F (decimal 351)
   defining Unicode char U+0160 (decimal 352)
   defining Unicode char U+0161 (decimal 353)
   defining Unicode char U+0162 (decimal 354)
   defining Unicode char U+0163 (decimal 355)
   defining Unicode char U+0164 (decimal 356)
   defining Unicode char U+0165 (decimal 357)
   defining Unicode char U+016E (decimal 366)
   defining Unicode char U+016F (decimal 367)
   defining Unicode char U+0170 (decimal 368)
   defining Unicode char U+0171 (decimal 369)
   defining Unicode char U+0178 (decimal 376)
   defining Unicode char U+0179 (decimal 377)
   defining Unicode char U+017A (decimal 378)
   defining Unicode char U+017B (decimal 379)
   defining Unicode char U+017C (decimal 380)
   defining Unicode char U+017D (decimal 381)
   defining Unicode char U+017E (decimal 382)
   defining Unicode char U+200C (decimal 8204)
   defining Unicode char U+2013 (decimal 8211)
   defining Unicode char U+2014 (decimal 8212)
   defining Unicode char U+2018 (decimal 8216)
   defining Unicode char U+2019 (decimal 8217)
   defining Unicode char U+201A (decimal 8218)
   defining Unicode char U+201C (decimal 8220)
   defining Unicode char U+201D (decimal 8221)
   defining Unicode char U+201E (decimal 8222)
   defining Unicode char U+2030 (decimal 8240)
   defining Unicode char U+2031 (decimal 8241)
   defining Unicode char U+2039 (decimal 8249)
   defining Unicode char U+203A (decimal 8250)
   defining Unicode char U+2423 (decimal 9251)
)
Now handling font encoding OT1 ...
... processing UTF-8 mapping file for font encoding OT1

(/usr/share/texmf-texlive/tex/latex/base/ot1enc.dfu
File: ot1enc.dfu 2008/04/05 v1.1m UTF-8 support for inputenc
   defining Unicode char U+00A1 (decimal 161)
   defining Unicode char U+00A3 (decimal 163)
   defining Unicode char U+00B8 (decimal 184)
   defining Unicode char U+00BF (decimal 191)
   defining Unicode char U+00C5 (decimal 197)
   defining Unicode char U+00C6 (decimal 198)
   defining Unicode char U+00D8 (decimal 216)
   defining Unicode char U+00DF (decimal 223)
   defining Unicode char U+00E6 (decimal 230)
   defining Unicode char U+00EC (decimal 236)
   defining Unicode char U+00ED (decimal 237)
   defining Unicode char U+00EE (decimal 238)
   defining Unicode char U+00EF (decimal 239)
   defining Unicode char U+00F8 (decimal 248)
   defining Unicode char U+0131 (decimal 305)
   defining Unicode char U+0141 (decimal 321)
   defining Unicode char U+0142 (decimal 322)
   defining Unicode char U+0152 (decimal 338)
   defining Unicode char U+0153 (decimal 339)
   defining Unicode char U+2013 (decimal 8211)
   defining Unicode char U+2014 (decimal 8212)
   defining Unicode char U+2018 (decimal 8216)
   defining Unicode char U+2019 (decimal 8217)
   defining Unicode char U+201C (decimal 8220)
   defining Unicode char U+201D (decimal 8221)
)
Now handling font encoding OMS ...
... processing UTF-8 mapping file for font encoding OMS

(/usr/share/texmf-texlive/tex/latex/base/omsenc.dfu
File: omsenc.dfu 2008/04/05 v1.1m UTF-8 support for inputenc
   defining Unicode char U+00A7 (decimal 167)
   defining Unicode char U+00B6 (decimal 182)
   defining Unicode char U+00B7 (decimal 183)
   defining Unicode char U+2020 (decimal 8224)
   defining Unicode char U+2021 (decimal 8225)
   defining Unicode char U+2022 (decimal 8226)
)
Now handling font encoding OMX ...
... no UTF-8 mapping file for font encoding OMX
Now handling font encoding U ...
... no UTF-8 mapping file for font encoding U
   defining Unicode char U+00A9 (decimal 169)
   defining Unicode char U+00AA (decimal 170)
   defining Unicode char U+00AE (decimal 174)
   defining Unicode char U+00BA (decimal 186)
   defining Unicode char U+02C6 (decimal 710)
   defining Unicode char U+02DC (decimal 732)
   defining Unicode char U+200C (decimal 8204)
   defining Unicode char U+2026 (decimal 8230)
   defining Unicode char U+2122 (decimal 8482)
   defining Unicode char U+2423 (decimal 9251)
))
(/usr/share/texmf-texlive/tex/latex/hyperref/hyperref.sty
Package: hyperref 2009/10/09 v6.79a Hypertext links for LaTeX

(/usr/share/texmf-texlive/tex/latex/graphics/keyval.sty
Package: keyval 1999/03/16 v1.13 key=value parser (DPC)
\KV@toks@=\toks18
)
(/usr/share/texmf-texlive/tex/generic/oberdiek/ifpdf.sty
Package: ifpdf 2009/04/10 v2.0 Provides the ifpdf switch (HO)
Package ifpdf Info: pdfTeX in pdf mode not detected.
)
(/usr/share/texmf-texlive/tex/generic/oberdiek/ifvtex.sty
Package: ifvtex 2008/11/04 v1.4 Switches for detecting VTeX and its modes (HO)
Package ifvtex Info: VTeX not detected.
)
(/usr/share/texmf-texlive/tex/generic/ifxetex/ifxetex.sty
Package: ifxetex 2009/01/23 v0.5 Provides ifxetex conditional
)
(/usr/share/texmf-texlive/tex/latex/oberdiek/hycolor.sty
Package: hycolor 2009/10/02 v1.5 Code for color options of hyperref/bookmark (H
O)

(/usr/share/texmf-texlive/tex/latex/oberdiek/xcolor-patch.sty
Package: xcolor-patch 2009/10/02 xcolor patch
))
\@linkdim=\dimen105
\Hy@linkcounter=\count92
\Hy@pagecounter=\count93

(/usr/share/texmf-texlive/tex/latex/hyperref/pd1enc.def
File: pd1enc.def 2009/10/09 v6.79a Hyperref: PDFDocEncoding definition (HO)
Now handling font encoding PD1 ...
... no UTF-8 mapping file for font encoding PD1
)
(/usr/share/texmf-texlive/tex/generic/oberdiek/etexcmds.sty
Package: etexcmds 2007/12/12 v1.2 Prefix for e-TeX command names (HO)

(/usr/share/texmf-texlive/tex/generic/oberdiek/infwarerr.sty
Package: infwarerr 2007/09/09 v1.2 Providing info/warning/message (HO)
)
Package etexcmds Info: Could not find \expanded.
(etexcmds)             That can mean that you are not using pdfTeX 1.50 or
(etexcmds)             that some package has redefined \expanded.
(etexcmds)             In the latter case, load this package earlier.
)
(/usr/share/texmf-texlive/tex/latex/latexconfig/hyperref.cfg
File: hyperref.cfg 2002/06/06 v1.2 hyperref configuration of TeXLive
)
(/usr/share/texmf-texlive/tex/latex/oberdiek/kvoptions.sty
Package: kvoptions 2009/08/13 v3.4 Keyval support for LaTeX options (HO)

(/usr/share/texmf-texlive/tex/generic/oberdiek/kvsetkeys.sty
Package: kvsetkeys 2009/07/30 v1.5 Key value parser with default handler suppor
t (HO)
))
Package hyperref Info: Option `bookmarks' set `true' on input line 2864.
Package hyperref Info: Option `bookmarksopen' set `false' on input line 2864.
Package hyperref Info: Option `colorlinks' set `true' on input line 2864.


Package hyperref Warning: Option `pagecolor' is not available anymore.

Package hyperref Info: Hyper figures OFF on input line 2975.
Package hyperref Info: Link nesting OFF on input line 2980.
Package hyperref Info: Hyper index ON on input line 2983.
Package hyperref Info: Plain pages OFF on input line 2990.
Package hyperref Info: Backreferencing ON on input line 2993.
Implicit mode ON; LaTeX internals redefined
Package hyperref Info: Bookmarks ON on input line 3191.
(/usr/share/texmf-texlive/tex/latex/hyperref/backref.sty
Package: backref 2006/09/05 v1.28 Bibliographical back referencing
)
(/usr/share/texmf-texlive/tex/latex/ltxmisc/url.sty
\Urlmuskip=\muskip10
Package: url 2006/04/12  ver 3.3  Verb mode for urls, etc.
)
LaTeX Info: Redefining \url on input line 3428.

(/usr/share/texmf-texlive/tex/generic/oberdiek/bitset.sty
Package: bitset 2007/09/28 v1.0 Data type bit set (HO)

(/usr/share/texmf-texlive/tex/generic/oberdiek/intcalc.sty
Package: intcalc 2007/09/27 v1.1 Expandable integer calculations (HO)
)
(/usr/share/texmf-texlive/tex/generic/oberdiek/bigintcalc.sty
Package: bigintcalc 2007/11/11 v1.1 Expandable big integer calculations (HO)

(/usr/share/texmf-texlive/tex/generic/oberdiek/pdftexcmds.sty
Package: pdftexcmds 2009/09/23 v0.6 LuaTeX support for pdfTeX utility functions
 (HO)

(/usr/share/texmf-texlive/tex/generic/oberdiek/ifluatex.sty
Package: ifluatex 2009/04/17 v1.2 Provides the ifluatex switch (HO)
Package ifluatex Info: LuaTeX not detected.
)
(/usr/share/texmf-texlive/tex/generic/oberdiek/ltxcmds.sty
Package: ltxcmds 2009/08/05 v1.0 Some LaTeX kernel commands for general use (HO
)
)
Package pdftexcmds Info: LuaTeX not detected.
Package pdftexcmds Info: \pdf@primitive is available.
Package pdftexcmds Info: \pdf@ifprimitive is available.
)))
\Fld@menulength=\count94
\Field@Width=\dimen106
\Fld@charsize=\dimen107
\Field@toks=\toks19
Package hyperref Info: Hyper figures OFF on input line 4377.
Package hyperref Info: Link nesting OFF on input line 4382.
Package hyperref Info: Hyper index ON on input line 4385.
Package hyperref Info: backreferencing ON on input line 4390.
Package hyperref Info: Link coloring ON on input line 4395.
Package hyperref Info: Link coloring with OCG OFF on input line 4402.
Package hyperref Info: PDF/A mode OFF on input line 4407.

(/usr/share/texmf-texlive/tex/generic/oberdiek/atbegshi.sty
Package: atbegshi 2008/07/31 v1.9 At begin shipout hook (HO)
)
\Hy@abspage=\count95
\c@Item=\count96
\c@Hfootnote=\count97
)
*hyperref using driver hdvips*
(/usr/share/texmf-texlive/tex/latex/hyperref/hdvips.def
File: hdvips.def 2009/10/09 v6.79a Hyperref driver for dvips

(/usr/share/texmf-texlive/tex/latex/hyperref/pdfmark.def
File: pdfmark.def 2009/10/09 v6.79a Hyperref definitions for pdfmark specials
\pdf@docset=\toks20
\pdf@box=\box30
\pdf@toks=\toks21
\pdf@defaulttoks=\toks22
\Fld@listcount=\count98
))
\@indexfile=\write3
\openout3 = `api.idx'.


Writing index file api.idx
(./api.aux (./peach-module.aux

LaTeX Warning: Label `parameters' multiply defined.


LaTeX Warning: Label `returns' multiply defined.

) (./peach.fuzzy-module.aux) (./peach.fuzzy.base-module.aux)
(./peach.fuzzy.cmeans-module.aux) (./peach.fuzzy.control-module.aux)
(./peach.fuzzy.defuzzy-module.aux) (./peach.fuzzy.mf-module.aux)
(./peach.fuzzy.norms-module.aux

LaTeX Warning: Label `peach:fuzzy:norms:ZadehAnd' multiply defined.


LaTeX Warning: Label `peach:fuzzy:norms:ZadehOr' multiply defined.


LaTeX Warning: Label `peach:fuzzy:norms:ZadehNot' multiply defined.

) (./peach.ga-module.aux

LaTeX Warning: Label `peach:ga:uniform' multiply defined.

) (./peach.ga.base-module.aux) (./peach.ga.chromosome-module.aux)
(./peach.ga.crossover-module.aux) (./peach.ga.fitness-module.aux)
(./peach.ga.mutation-module.aux) (./peach.ga.selection-module.aux)
(./peach.nn-module.aux

LaTeX Warning: Label `peach:nn:nnet:randn' multiply defined.

) (./peach.nn.af-module.aux

LaTeX Warning: Label `peach:nn:af:Threshold' multiply defined.


LaTeX Warning: Label `peach:nn:af:Linear' multiply defined.


LaTeX Warning: Label `peach:nn:af:Sigmoid' multiply defined.

) (./peach.nn.base-module.aux) (./peach.nn.lrules-module.aux

LaTeX Warning: Label `peach:nn:lrules:LMS' multiply defined.


LaTeX Warning: Label `peach:nn:lrules:LMS' multiply defined.


LaTeX Warning: Label `peach:nn:lrules:WinnerTakesAll' multiply defined.

) (./peach.nn.mem-module.aux

LaTeX Warning: Label `peach:nn:nnet:randn' multiply defined.

) (./peach.nn.nnet-module.aux

LaTeX Warning: Label `peach:nn:nnet:randn' multiply defined.

) (./peach.optm-module.aux) (./peach.optm.base-module.aux)
(./peach.optm.linear-module.aux) (./peach.optm.multivar-module.aux)
(./peach.optm.quasinewton-module.aux) (./peach.optm.stochastic-module.aux)
(./peach.pso-module.aux

LaTeX Warning: Label `peach:random' multiply defined.


LaTeX Warning: Label `parameters' multiply defined.


LaTeX Warning: Label `returns' multiply defined.

) (./peach.pso.acc-module.aux) (./peach.pso.base-module.aux)
(./peach.sa-module.aux

LaTeX Warning: Label `peach:standard_normal' multiply defined.


LaTeX Warning: Label `parameters' multiply defined.


LaTeX Warning: Label `returns' multiply defined.


LaTeX Warning: Label `peach:ga:uniform' multiply defined.

) (./peach.sa.base-module.aux

LaTeX Warning: Label `peach:standard_normal' multiply defined.


LaTeX Warning: Label `parameters' multiply defined.


LaTeX Warning: Label `returns' multiply defined.

) (./peach.sa.neighbor-module.aux))
\openout1 = `api.aux'.

LaTeX Font Info:    Checking defaults for OML/cmm/m/it on input line 80.
LaTeX Font Info:    ... okay on input line 80.
LaTeX Font Info:    Checking defaults for T1/cmr/m/n on input line 80.
LaTeX Font Info:    ... okay on input line 80.
LaTeX Font Info:    Checking defaults for OT1/cmr/m/n on input line 80.
LaTeX Font Info:    ... okay on input line 80.
LaTeX Font Info:    Checking defaults for OMS/cmsy/m/n on input line 80.
LaTeX Font Info:    ... okay on input line 80.
LaTeX Font Info:    Checking defaults for OMX/cmex/m/n on input line 80.
LaTeX Font Info:    ... okay on input line 80.
LaTeX Font Info:    Checking defaults for U/cmr/m/n on input line 80.
LaTeX Font Info:    ... okay on input line 80.
LaTeX Font Info:    Checking defaults for PD1/pdf/m/n on input line 80.
LaTeX Font Info:    ... okay on input line 80.
Package hyperref Info: Link coloring ON on input line 80.

(/usr/share/texmf-texlive/tex/latex/hyperref/nameref.sty
Package: nameref 2007/05/29 v2.31 Cross-referencing by name of section

(/usr/share/texmf-texlive/tex/latex/oberdiek/refcount.sty
Package: refcount 2008/08/11 v3.1 Data extraction from references (HO)
)
\c@section@level=\count99
)
LaTeX Info: Redefining \ref on input line 80.
LaTeX Info: Redefining \pageref on input line 80.
 (./api.out)
(./api.out)
\@outlinefile=\write4
\openout4 = `api.out'.

\AtBeginShipoutBox=\box31
LaTeX Font Info:    Try loading font information for U+msa on input line 95.
 (/usr/share/texmf-texlive/tex/latex/amsfonts/umsa.fd
File: umsa.fd 2009/06/22 v3.00 AMS symbols A
)
LaTeX Font Info:    Try loading font information for U+msb on input line 95.

(/usr/share/texmf-texlive/tex/latex/amsfonts/umsb.fd
File: umsb.fd 2009/06/22 v3.00 AMS symbols B
) (./api.toc [1

] [2]
[3] [4] [5] [6] [7] [8])
\tf@toc=\write5
\openout5 = `api.toc'.

 [9]
\openout2 = `peach-module.aux'.

 (./peach-module.tex
LaTeX Font Info:    Try loading font information for OMS+cmr on input line 23.

(/usr/share/texmf-texlive/tex/latex/base/omscmr.fd
File: omscmr.fd 1999/05/25 v2.5h Standard LaTeX font definitions
)
LaTeX Font Info:    Font shape `OMS/cmr/m/n' in size <10> not available
(Font)              Font shape `OMS/cmsy/m/n' tried instead on input line 23.
 [10

] [11]
LaTeX Font Info:    Try loading font information for OMS+cmtt on input line 467
.
LaTeX Font Info:    No file OMScmtt.fd. on input line 467.


LaTeX Font Warning: Font shape `OMS/cmtt/m/n' undefined
(Font)              using `OMS/cmsy/m/n' instead
(Font)              for symbol `textbackslash' on input line 467.

LaTeX Font Info:    Try loading font information for OML+cmtt on input line 475
.
LaTeX Font Info:    No file OMLcmtt.fd. on input line 475.

LaTeX Font Warning: Font shape `OML/cmtt/m/n' undefined
(Font)              using `OML/cmm/m/it' instead
(Font)              for symbol `textgreater' on input line 475.

[12]
Overfull \vbox (186.04497pt too high) has occurred while \output is active []


[13]) [14]
\openout2 = `peach.fuzzy-module.aux'.

 (./peach.fuzzy-module.tex) [15


]
\openout2 = `peach.fuzzy.base-module.aux'.

 (./peach.fuzzy.base-module.tex
[16


] [17]
Overfull \hbox (34.91292pt too wide) in paragraph at lines 387--388
[][][]\OT1/cmr/m/n/12 abs[][](), [][]add[][](), [][]array[][](), [][]array[]wra
p[][](), [][]contains[][](), [][]copy[][](), [][]deepcopy[][](),
 []


Overfull \hbox (4.45467pt too wide) in paragraph at lines 387--388
[][]\OT1/cmr/m/n/12 delitem[][](), [][]delslice[][](), [][]div[][](), [][]divmo
d[][](), [][]eq[][](), [][]float[][](), [][]floordiv[][](),
 []


Overfull \hbox (13.14955pt too wide) in paragraph at lines 387--388
[][]\OT1/cmr/m/n/12 ge[][](), [][]getitem[][](), [][]getslice[][](), [][]gt[][]
(), [][]hex[][](), [][]iadd[][](), [][]iand[][](), [][]idiv[][](),
 []


Overfull \hbox (10.93013pt too wide) in paragraph at lines 387--388
[][]\OT1/cmr/m/n/12 ipow[][](), [][]irshift[][](), [][]isub[][](), [][]iter[][]
(), [][]itruediv[][](), [][]ixor[][](), [][]le[][](), [][]len[][](),
 []


Overfull \hbox (0.42052pt too wide) in paragraph at lines 387--388
[][]\OT1/cmr/m/n/12 long[][](), [][]lshift[][](), [][]lt[][](), [][]mod[][](), 
[][]mul[][](), [][]ne[][](), [][]neg[][](), [][]nonzero[][](),
 []


Overfull \hbox (32.4063pt too wide) in paragraph at lines 387--388
[][]\OT1/cmr/m/n/12 oct[][](), [][]pos[][](), [][]pow[][](), [][]radd[][](), []
[]rand[][](), [][]rdiv[][](), [][]rdivmod[][](), [][]reduce[][](),
 []


Overfull \hbox (19.14201pt too wide) in paragraph at lines 387--388
[][]\OT1/cmr/m/n/12 rrshift[][](), [][]rshift[][](), [][]rsub[][](), [][]rtrued
iv[][](), [][]rxor[][](), [][]setitem[][](), [][]setslice[][](),
 []


Overfull \hbox (6.37395pt too wide) in paragraph at lines 387--388
\OT1/cmr/m/n/12 ten(), get-field(), item(), item-set(), max(), mean(), min(), n
ew-by-te-order(), nonzero(),
 []


Overfull \hbox (7.28767pt too wide) in paragraph at lines 393--394
[][][]\OT1/cmr/m/n/12 delattr[][](), [][]format[][](), [][]getattribute[][](), 
[][]hash[][](), [][]reduce[]ex[][](), [][]setattr[][](),
 []

[18]) [19]
\openout2 = `peach.fuzzy.cmeans-module.aux'.

 (./peach.fuzzy.cmeans-module.tex [20


] [21]
Overfull \hbox (59.00017pt too wide) in paragraph at lines 295--296
[][][]\OT1/cmr/m/n/12 delattr[][](), [][]format[][](), [][]getattribute[][](), 
[][]hash[][](), [][]new[][](), [][]reduce[][](), [][]reduce[]ex[][](),
 []

[22]) [23]
\openout2 = `peach.fuzzy.control-module.aux'.

 (./peach.fuzzy.control-module.tex [24


] [25] [26] [27] [28] [29]
Overfull \hbox (59.00017pt too wide) in paragraph at lines 614--615
[][][]\OT1/cmr/m/n/12 delattr[][](), [][]format[][](), [][]getattribute[][](), 
[][]hash[][](), [][]new[][](), [][]reduce[][](), [][]reduce[]ex[][](),
 []


Overfull \hbox (59.00017pt too wide) in paragraph at lines 687--688
[][][]\OT1/cmr/m/n/12 delattr[][](), [][]format[][](), [][]getattribute[][](), 
[][]hash[][](), [][]new[][](), [][]reduce[][](), [][]reduce[]ex[][](),
 []

[30] [31] [32]
Overfull \hbox (59.00017pt too wide) in paragraph at lines 965--966
[][][]\OT1/cmr/m/n/12 delattr[][](), [][]format[][](), [][]getattribute[][](), 
[][]hash[][](), [][]new[][](), [][]reduce[][](), [][]reduce[]ex[][](),
 []

[33]
Overfull \hbox (59.00017pt too wide) in paragraph at lines 1036--1037
[][][]\OT1/cmr/m/n/12 delattr[][](), [][]format[][](), [][]getattribute[][](), 
[][]hash[][](), [][]new[][](), [][]reduce[][](), [][]reduce[]ex[][](),
 []

) [34]
\openout2 = `peach.fuzzy.defuzzy-module.aux'.

 (./peach.fuzzy.defuzzy-module.tex [35


] [36]) [37]
\openout2 = `peach.fuzzy.mf-module.aux'.


(./peach.fuzzy.mf-module.tex [38


]
Overfull \hbox (97.92223pt too wide) in paragraph at lines 218--230
[]\OT1/cmr/bx/n/12 Known Sub-classes: \OT1/cmr/m/n/12 peach.fuzzy.mf.Bell, peac
h.fuzzy.mf.DecreasingRamp, peach.fuzzy.mf.DecreasingSigmoid,
 []


Overfull \hbox (3.21509pt too wide) in paragraph at lines 218--230
\OT1/cmr/m/n/12 peach.fuzzy.mf.Gaussian, peach.fuzzy.mf.IncreasingRamp, peach.f
uzzy.mf.IncreasingSigmoid,
 []


Overfull \hbox (46.3563pt too wide) in paragraph at lines 218--230
\OT1/cmr/m/n/12 peach.fuzzy.mf.RaisedCosine, peach.fuzzy.mf.Smf, peach.fuzzy.mf
.Trapezoid, peach.fuzzy.mf.Triangle,
 []

[39]
Overfull \hbox (59.00017pt too wide) in paragraph at lines 338--339
[][][]\OT1/cmr/m/n/12 delattr[][](), [][]format[][](), [][]getattribute[][](), 
[][]hash[][](), [][]new[][](), [][]reduce[][](), [][]reduce[]ex[][](),
 []

[40] [41]
Overfull \hbox (59.00017pt too wide) in paragraph at lines 486--487
[][][]\OT1/cmr/m/n/12 delattr[][](), [][]format[][](), [][]getattribute[][](), 
[][]hash[][](), [][]new[][](), [][]reduce[][](), [][]reduce[]ex[][](),
 []

[42]
Overfull \hbox (59.00017pt too wide) in paragraph at lines 634--635
[][][]\OT1/cmr/m/n/12 delattr[][](), [][]format[][](), [][]getattribute[][](), 
[][]hash[][](), [][]new[][](), [][]reduce[][](), [][]reduce[]ex[][](),
 []

[43]
Overfull \hbox (59.00017pt too wide) in paragraph at lines 786--787
[][][]\OT1/cmr/m/n/12 delattr[][](), [][]format[][](), [][]getattribute[][](), 
[][]hash[][](), [][]new[][](), [][]reduce[][](), [][]reduce[]ex[][](),
 []

[44]
Overfull \hbox (59.00017pt too wide) in paragraph at lines 944--945
[][][]\OT1/cmr/m/n/12 delattr[][](), [][]format[][](), [][]getattribute[][](), 
[][]hash[][](), [][]new[][](), [][]reduce[][](), [][]reduce[]ex[][](),
 []

[45]
Overfull \hbox (59.00017pt too wide) in paragraph at lines 1088--1089
[][][]\OT1/cmr/m/n/12 delattr[][](), [][]format[][](), [][]getattribute[][](), 
[][]hash[][](), [][]new[][](), [][]reduce[][](), [][]reduce[]ex[][](),
 []

[46]
Overfull \hbox (59.00017pt too wide) in paragraph at lines 1234--1235
[][][]\OT1/cmr/m/n/12 delattr[][](), [][]format[][](), [][]getattribute[][](), 
[][]hash[][](), [][]new[][](), [][]reduce[][](), [][]reduce[]ex[][](),
 []

[47] [48]
Overfull \hbox (59.00017pt too wide) in paragraph at lines 1380--1381
[][][]\OT1/cmr/m/n/12 delattr[][](), [][]format[][](), [][]getattribute[][](), 
[][]hash[][](), [][]new[][](), [][]reduce[][](), [][]reduce[]ex[][](),
 []

[49]
Overfull \hbox (59.00017pt too wide) in paragraph at lines 1527--1528
[][][]\OT1/cmr/m/n/12 delattr[][](), [][]format[][](), [][]getattribute[][](), 
[][]hash[][](), [][]new[][](), [][]reduce[][](), [][]reduce[]ex[][](),
 []

[50]
Overfull \hbox (59.00017pt too wide) in paragraph at lines 1678--1679
[][][]\OT1/cmr/m/n/12 delattr[][](), [][]format[][](), [][]getattribute[][](), 
[][]hash[][](), [][]new[][](), [][]reduce[][](), [][]reduce[]ex[][](),
 []

[51]
Overfull \hbox (59.00017pt too wide) in paragraph at lines 1816--1817
[][][]\OT1/cmr/m/n/12 delattr[][](), [][]format[][](), [][]getattribute[][](), 
[][]hash[][](), [][]new[][](), [][]reduce[][](), [][]reduce[]ex[][](),
 []

[52]
Overfull \hbox (59.00017pt too wide) in paragraph at lines 1954--1955
[][][]\OT1/cmr/m/n/12 delattr[][](), [][]format[][](), [][]getattribute[][](), 
[][]hash[][](), [][]new[][](), [][]reduce[][](), [][]reduce[]ex[][](),
 []

) [53]
\openout2 = `peach.fuzzy.norms-module.aux'.

 (./peach.fuzzy.norms-module.tex [54


] [55] [56] [57]) [58]
\openout2 = `peach.ga-module.aux'.


(./peach.ga-module.tex
LaTeX Font Info:    Font shape `OMS/cmr/m/n' in size <12> not available
(Font)              Font shape `OMS/cmsy/m/n' tried instead on input line 53.

Overfull \hbox (8.47565pt too wide) in paragraph at lines 116--116
[]\OT1/cmtt/m/n/12 ``[low, high)`` (includes low, but excludes high).  In other
 words,[] 
 []


Overfull \hbox (39.35066pt too wide) in paragraph at lines 123--123
[]    \OT1/cmtt/m/n/12 Lower boundary of the output interval.  All values gener
ated will be[] 
 []


Overfull \hbox (39.35066pt too wide) in paragraph at lines 126--126
[]    \OT1/cmtt/m/n/12 Upper boundary of the output interval.  All values gener
ated will be[] 
 []


Overfull \hbox (57.87567pt too wide) in paragraph at lines 130--130
[]    \OT1/cmtt/m/n/12 m*n*k samples are generated.  If no shape is specified, 
a single sample[] 
 []


Overfull \hbox (37.62166pt too wide) in paragraph at lines 141--141
[]\OT1/cmtt/m/n/12 random[]integers : Discrete uniform distribution over the cl
osed interval[] 
 []


Overfull \hbox (8.47565pt too wide) in paragraph at lines 145--145
[]\OT1/cmtt/m/n/12 rand : Convenience function that accepts dimensions as input
, e.g.,[] 
 []


Overfull \hbox (33.17566pt too wide) in paragraph at lines 146--146
[]       \OT1/cmtt/m/n/12 ``rand(2,2)`` would generate a 2-by-2 array of floats
, uniformly[] 
 []

[59


] [60]
Overfull \vbox (350.36438pt too high) has occurred while \output is active []


[61]) [62]
\openout2 = `peach.ga.base-module.aux'.

 (./peach.ga.base-module.tex [63


] [64] [65]
Overfull \vbox (1045.03113pt too high) has occurred while \output is active []


[66] [67]
Overfull \hbox (22.19695pt too wide) in paragraph at lines 403--404
[][][]\OT1/cmr/m/n/12 add[][](), [][]contains[][](), [][]delitem[][](), [][]del
slice[][](), [][]eq[][](), [][]ge[][](), [][]getattribute[][](),
 []


Overfull \hbox (6.29546pt too wide) in paragraph at lines 403--404
[][]\OT1/cmr/m/n/12 getitem[][](), [][]getslice[][](), [][]gt[][](), [][]iadd[]
[](), [][]imul[][](), [][]iter[][](), [][]le[][](), [][]len[][](),
 []


Overfull \hbox (17.13145pt too wide) in paragraph at lines 403--404
[][]\OT1/cmr/m/n/12 lt[][](), [][]mul[][](), [][]ne[][](), [][]new[][](), [][]r
epr[][](), [][]reversed[][](), [][]rmul[][](), [][]setitem[][](),
 []


Overfull \hbox (64.80983pt too wide) in paragraph at lines 409--410
[][][]\OT1/cmr/m/n/12 delattr[][](), [][]format[][](), [][]reduce[][](), [][]re
duce[]ex[][](), [][]setattr[][](), [][]str[][](), [][]subclasshook[][]() 
 []

[68]
Overfull \hbox (22.19695pt too wide) in paragraph at lines 538--539
[][][]\OT1/cmr/m/n/12 add[][](), [][]contains[][](), [][]delitem[][](), [][]del
slice[][](), [][]eq[][](), [][]ge[][](), [][]getattribute[][](),
 []


Overfull \hbox (6.29546pt too wide) in paragraph at lines 538--539
[][]\OT1/cmr/m/n/12 getitem[][](), [][]getslice[][](), [][]gt[][](), [][]iadd[]
[](), [][]imul[][](), [][]iter[][](), [][]le[][](), [][]len[][](),
 []


Overfull \hbox (17.13145pt too wide) in paragraph at lines 538--539
[][]\OT1/cmr/m/n/12 lt[][](), [][]mul[][](), [][]ne[][](), [][]new[][](), [][]r
epr[][](), [][]reversed[][](), [][]rmul[][](), [][]setitem[][](),
 []


Overfull \hbox (64.80983pt too wide) in paragraph at lines 544--545
[][][]\OT1/cmr/m/n/12 delattr[][](), [][]format[][](), [][]reduce[][](), [][]re
duce[]ex[][](), [][]setattr[][](), [][]str[][](), [][]subclasshook[][]() 
 []

[69]) [70]
\openout2 = `peach.ga.chromosome-module.aux'.

 (./peach.ga.chromosome-module.tex [71


] [72] [73]
Overfull \hbox (65.35814pt too wide) in paragraph at lines 286--287
[][][]\OT1/cmr/m/n/12 add[][](), [][]and[][](), [][]copy[][](), [][]deepcopy[][
](), [][]delitem[][](), [][]eq[][](), [][]ge[][](), [][]getattribute[][](),
 []


Overfull \hbox (11.12596pt too wide) in paragraph at lines 286--287
[][]\OT1/cmr/m/n/12 getitem[][](), [][]gt[][](), [][]iadd[][](), [][]iand[][]()
, [][]imul[][](), [][]invert[][](), [][]ior[][](), [][]iter[][](),
 []


Overfull \hbox (13.29314pt too wide) in paragraph at lines 286--287
[][]\OT1/cmr/m/n/12 ixor[][](), [][]le[][](), [][]len[][](), [][]lt[][](), [][]
mul[][](), [][]ne[][](), [][]or[][](), [][]reduce[][](), [][]repr[][](),
 []


Overfull \hbox (19.70335pt too wide) in paragraph at lines 292--293
[][][]\OT1/cmr/m/n/12 delattr[][](), [][]format[][](), [][]hash[][](), [][]redu
ce[]ex[][](), [][]setattr[][](), [][]sizeof[][](), [][]str[][](),
 []

) [74]
\openout2 = `peach.ga.crossover-module.aux'.

 (./peach.ga.crossover-module.tex
Overfull \hbox (89.04453pt too wide) in paragraph at lines 67--71
[]\OT1/cmr/bx/n/12 Known Sub-classes: \OT1/cmr/m/n/12 peach.ga.crossover.OnePoi
nt, peach.ga.crossover.TwoPoint, peach.ga.crossover.Uniform 
 []

[75


]
Overfull \hbox (27.68022pt too wide) in paragraph at lines 127--128
[][][]\OT1/cmr/m/n/12 delattr[][](), [][]format[][](), [][]getattribute[][](), 
[][]hash[][](), [][]init[][](), [][]new[][](), [][]reduce[][](),
 []

[76]
Overfull \hbox (59.00017pt too wide) in paragraph at lines 273--274
[][][]\OT1/cmr/m/n/12 delattr[][](), [][]format[][](), [][]getattribute[][](), 
[][]hash[][](), [][]new[][](), [][]reduce[][](), [][]reduce[]ex[][](),
 []

[77]
Overfull \hbox (59.00017pt too wide) in paragraph at lines 435--436
[][][]\OT1/cmr/m/n/12 delattr[][](), [][]format[][](), [][]getattribute[][](), 
[][]hash[][](), [][]new[][](), [][]reduce[][](), [][]reduce[]ex[][](),
 []

[78] [79]
Overfull \hbox (59.00017pt too wide) in paragraph at lines 597--598
[][][]\OT1/cmr/m/n/12 delattr[][](), [][]format[][](), [][]getattribute[][](), 
[][]hash[][](), [][]new[][](), [][]reduce[][](), [][]reduce[]ex[][](),
 []

) [80]
\openout2 = `peach.ga.fitness-module.aux'.

 (./peach.ga.fitness-module.tex [81


]
Overfull \hbox (59.00017pt too wide) in paragraph at lines 185--186
[][][]\OT1/cmr/m/n/12 delattr[][](), [][]format[][](), [][]getattribute[][](), 
[][]hash[][](), [][]new[][](), [][]reduce[][](), [][]reduce[]ex[][](),
 []

[82]
Overfull \hbox (59.00017pt too wide) in paragraph at lines 315--316
[][][]\OT1/cmr/m/n/12 delattr[][](), [][]format[][](), [][]getattribute[][](), 
[][]hash[][](), [][]new[][](), [][]reduce[][](), [][]reduce[]ex[][](),
 []

[83]) [84]
\openout2 = `peach.ga.mutation-module.aux'.

 (./peach.ga.mutation-module.tex [85


]
Overfull \hbox (27.68022pt too wide) in paragraph at lines 119--120
[][][]\OT1/cmr/m/n/12 delattr[][](), [][]format[][](), [][]getattribute[][](), 
[][]hash[][](), [][]init[][](), [][]new[][](), [][]reduce[][](),
 []

[86]
Overfull \hbox (59.00017pt too wide) in paragraph at lines 265--266
[][][]\OT1/cmr/m/n/12 delattr[][](), [][]format[][](), [][]getattribute[][](), 
[][]hash[][](), [][]new[][](), [][]reduce[][](), [][]reduce[]ex[][](),
 []

) [87]
\openout2 = `peach.ga.selection-module.aux'.

 (./peach.ga.selection-module.tex
Overfull \hbox (144.49535pt too wide) in paragraph at lines 67--71
[]\OT1/cmr/bx/n/12 Known Sub-classes: \OT1/cmr/m/n/12 peach.ga.selection.Baker,
 peach.ga.selection.BinaryTournament, peach.ga.selection.RouletteWheel 
 []

[88


]
Overfull \hbox (27.68022pt too wide) in paragraph at lines 118--119
[][][]\OT1/cmr/m/n/12 delattr[][](), [][]format[][](), [][]getattribute[][](), 
[][]hash[][](), [][]init[][](), [][]new[][](), [][]reduce[][](),
 []

[89]
Overfull \hbox (27.68022pt too wide) in paragraph at lines 231--232
[][][]\OT1/cmr/m/n/12 delattr[][](), [][]format[][](), [][]getattribute[][](), 
[][]hash[][](), [][]init[][](), [][]new[][](), [][]reduce[][](),
 []


Overfull \hbox (27.68022pt too wide) in paragraph at lines 343--344
[][][]\OT1/cmr/m/n/12 delattr[][](), [][]format[][](), [][]getattribute[][](), 
[][]hash[][](), [][]init[][](), [][]new[][](), [][]reduce[][](),
 []

[90]
Overfull \hbox (27.68022pt too wide) in paragraph at lines 455--456
[][][]\OT1/cmr/m/n/12 delattr[][](), [][]format[][](), [][]getattribute[][](), 
[][]hash[][](), [][]init[][](), [][]new[][](), [][]reduce[][](),
 []

[91]) [92]
\openout2 = `peach.nn-module.aux'.

 (./peach.nn-module.tex [93


]) [94]
\openout2 = `peach.nn.af-module.aux'.

 (./peach.nn.af-module.tex
Overfull \hbox (56.27542pt too wide) in paragraph at lines 75--83
[]\OT1/cmr/bx/n/12 Known Sub-classes: \OT1/cmr/m/n/12 peach.nn.af.Linear, peach
.nn.af.ArcTan, peach.nn.af.Sigmoid, peach.nn.af.Ramp,
 []

[95


] [96]
Overfull \hbox (59.00017pt too wide) in paragraph at lines 264--265
[][][]\OT1/cmr/m/n/12 delattr[][](), [][]format[][](), [][]getattribute[][](), 
[][]hash[][](), [][]new[][](), [][]reduce[][](), [][]reduce[]ex[][](),
 []

[97]
Overfull \hbox (59.00017pt too wide) in paragraph at lines 466--467
[][][]\OT1/cmr/m/n/12 delattr[][](), [][]format[][](), [][]getattribute[][](), 
[][]hash[][](), [][]new[][](), [][]reduce[][](), [][]reduce[]ex[][](),
 []

[98] [99]
Overfull \hbox (59.00017pt too wide) in paragraph at lines 669--670
[][][]\OT1/cmr/m/n/12 delattr[][](), [][]format[][](), [][]getattribute[][](), 
[][]hash[][](), [][]new[][](), [][]reduce[][](), [][]reduce[]ex[][](),
 []

[100] [101]
Overfull \hbox (59.00017pt too wide) in paragraph at lines 875--876
[][][]\OT1/cmr/m/n/12 delattr[][](), [][]format[][](), [][]getattribute[][](), 
[][]hash[][](), [][]new[][](), [][]reduce[][](), [][]reduce[]ex[][](),
 []

[102] [103]
Overfull \hbox (59.00017pt too wide) in paragraph at lines 1081--1082
[][][]\OT1/cmr/m/n/12 delattr[][](), [][]format[][](), [][]getattribute[][](), 
[][]hash[][](), [][]new[][](), [][]reduce[][](), [][]reduce[]ex[][](),
 []

[104] [105]
Overfull \hbox (59.00017pt too wide) in paragraph at lines 1288--1289
[][][]\OT1/cmr/m/n/12 delattr[][](), [][]format[][](), [][]getattribute[][](), 
[][]hash[][](), [][]new[][](), [][]reduce[][](), [][]reduce[]ex[][](),
 []

[106]
Overfull \hbox (59.00017pt too wide) in paragraph at lines 1488--1489
[][][]\OT1/cmr/m/n/12 delattr[][](), [][]format[][](), [][]getattribute[][](), 
[][]hash[][](), [][]new[][](), [][]reduce[][](), [][]reduce[]ex[][](),
 []

[107] [108]
Overfull \hbox (59.00017pt too wide) in paragraph at lines 1688--1689
[][][]\OT1/cmr/m/n/12 delattr[][](), [][]format[][](), [][]getattribute[][](), 
[][]hash[][](), [][]new[][](), [][]reduce[][](), [][]reduce[]ex[][](),
 []

[109] [110]
Overfull \hbox (59.00017pt too wide) in paragraph at lines 1896--1897
[][][]\OT1/cmr/m/n/12 delattr[][](), [][]format[][](), [][]getattribute[][](), 
[][]hash[][](), [][]new[][](), [][]reduce[][](), [][]reduce[]ex[][](),
 []

[111]
Overfull \hbox (59.00017pt too wide) in paragraph at lines 2096--2097
[][][]\OT1/cmr/m/n/12 delattr[][](), [][]format[][](), [][]getattribute[][](), 
[][]hash[][](), [][]new[][](), [][]reduce[][](), [][]reduce[]ex[][](),
 []

[112] [113]
Overfull \hbox (59.00017pt too wide) in paragraph at lines 2296--2297
[][][]\OT1/cmr/m/n/12 delattr[][](), [][]format[][](), [][]getattribute[][](), 
[][]hash[][](), [][]new[][](), [][]reduce[][](), [][]reduce[]ex[][](),
 []

) [114]
\openout2 = `peach.nn.base-module.aux'.

 (./peach.nn.base-module.tex [115


] [116]
Overfull \hbox (59.00017pt too wide) in paragraph at lines 281--282
[][][]\OT1/cmr/m/n/12 delattr[][](), [][]format[][](), [][]getattribute[][](), 
[][]hash[][](), [][]new[][](), [][]reduce[][](), [][]reduce[]ex[][](),
 []

) [117]
\openout2 = `peach.nn.lrules-module.aux'.

 (./peach.nn.lrules-module.tex [118


]
Overfull \hbox (27.68022pt too wide) in paragraph at lines 174--175
[][][]\OT1/cmr/m/n/12 delattr[][](), [][]format[][](), [][]getattribute[][](), 
[][]hash[][](), [][]init[][](), [][]new[][](), [][]reduce[][](),
 []

[119]
Overfull \hbox (59.00017pt too wide) in paragraph at lines 319--320
[][][]\OT1/cmr/m/n/12 delattr[][](), [][]format[][](), [][]getattribute[][](), 
[][]hash[][](), [][]new[][](), [][]reduce[][](), [][]reduce[]ex[][](),
 []

[120] [121]
Overfull \hbox (59.00017pt too wide) in paragraph at lines 481--482
[][][]\OT1/cmr/m/n/12 delattr[][](), [][]format[][](), [][]getattribute[][](), 
[][]hash[][](), [][]new[][](), [][]reduce[][](), [][]reduce[]ex[][](),
 []

[122]
Overfull \hbox (59.00017pt too wide) in paragraph at lines 643--644
[][][]\OT1/cmr/m/n/12 delattr[][](), [][]format[][](), [][]getattribute[][](), 
[][]hash[][](), [][]new[][](), [][]reduce[][](), [][]reduce[]ex[][](),
 []

[123] [124]
Overfull \hbox (59.00017pt too wide) in paragraph at lines 805--806
[][][]\OT1/cmr/m/n/12 delattr[][](), [][]format[][](), [][]getattribute[][](), 
[][]hash[][](), [][]new[][](), [][]reduce[][](), [][]reduce[]ex[][](),
 []


Overfull \hbox (103.6013pt too wide) in paragraph at lines 863--867
[]\OT1/cmr/bx/n/12 Known Sub-classes: \OT1/cmr/m/n/12 peach.nn.lrules.Competiti
ve, peach.nn.lrules.Cooperative, peach.nn.lrules.WinnerTakesAll 
 []

[125]
Overfull \hbox (27.68022pt too wide) in paragraph at lines 956--957
[][][]\OT1/cmr/m/n/12 delattr[][](), [][]format[][](), [][]getattribute[][](), 
[][]hash[][](), [][]init[][](), [][]new[][](), [][]reduce[][](),
 []

[126]
Overfull \hbox (59.00017pt too wide) in paragraph at lines 1097--1098
[][][]\OT1/cmr/m/n/12 delattr[][](), [][]format[][](), [][]getattribute[][](), 
[][]hash[][](), [][]new[][](), [][]reduce[][](), [][]reduce[]ex[][](),
 []

[127] [128]
Overfull \hbox (59.00017pt too wide) in paragraph at lines 1255--1256
[][][]\OT1/cmr/m/n/12 delattr[][](), [][]format[][](), [][]getattribute[][](), 
[][]hash[][](), [][]new[][](), [][]reduce[][](), [][]reduce[]ex[][](),
 []

[129]
Overfull \hbox (59.00017pt too wide) in paragraph at lines 1419--1420
[][][]\OT1/cmr/m/n/12 delattr[][](), [][]format[][](), [][]getattribute[][](), 
[][]hash[][](), [][]new[][](), [][]reduce[][](), [][]reduce[]ex[][](),
 []

[130] [131]
Overfull \hbox (59.00017pt too wide) in paragraph at lines 1580--1581
[][][]\OT1/cmr/m/n/12 delattr[][](), [][]format[][](), [][]getattribute[][](), 
[][]hash[][](), [][]new[][](), [][]reduce[][](), [][]reduce[]ex[][](),
 []

) [132]
\openout2 = `peach.nn.mem-module.aux'.

 (./peach.nn.mem-module.tex [133


] [134] [135]
Overfull \hbox (59.00017pt too wide) in paragraph at lines 391--392
[][][]\OT1/cmr/m/n/12 delattr[][](), [][]format[][](), [][]getattribute[][](), 
[][]hash[][](), [][]new[][](), [][]reduce[][](), [][]reduce[]ex[][](),
 []

[136]) [137]
\openout2 = `peach.nn.nnet-module.aux'.

 (./peach.nn.nnet-module.tex [138


] [139] [140] [141] [142]
Overfull \hbox (22.19695pt too wide) in paragraph at lines 451--452
[][][]\OT1/cmr/m/n/12 add[][](), [][]contains[][](), [][]delitem[][](), [][]del
slice[][](), [][]eq[][](), [][]ge[][](), [][]getattribute[][](),
 []


Overfull \hbox (6.29546pt too wide) in paragraph at lines 451--452
[][]\OT1/cmr/m/n/12 getitem[][](), [][]getslice[][](), [][]gt[][](), [][]iadd[]
[](), [][]imul[][](), [][]iter[][](), [][]le[][](), [][]len[][](),
 []


Overfull \hbox (17.13145pt too wide) in paragraph at lines 451--452
[][]\OT1/cmr/m/n/12 lt[][](), [][]mul[][](), [][]ne[][](), [][]new[][](), [][]r
epr[][](), [][]reversed[][](), [][]rmul[][](), [][]setitem[][](),
 []


Overfull \hbox (64.80983pt too wide) in paragraph at lines 457--458
[][][]\OT1/cmr/m/n/12 delattr[][](), [][]format[][](), [][]reduce[][](), [][]re
duce[]ex[][](), [][]setattr[][](), [][]str[][](), [][]subclasshook[][]() 
 []

[143] [144] [145] [146]
Overfull \hbox (59.00017pt too wide) in paragraph at lines 821--822
[][][]\OT1/cmr/m/n/12 delattr[][](), [][]format[][](), [][]getattribute[][](), 
[][]hash[][](), [][]new[][](), [][]reduce[][](), [][]reduce[]ex[][](),
 []

) [147]
\openout2 = `peach.optm-module.aux'.

 (./peach.optm-module.tex) [148


]
\openout2 = `peach.optm.base-module.aux'.

 (./peach.optm.base-module.tex [149


]
[150] [151]
Overfull \hbox (124.6317pt too wide) in paragraph at lines 224--236
[]\OT1/cmr/bx/n/12 Known Sub-classes: \OT1/cmr/m/n/12 peach.optm.quasinewton.BF
GS, peach.optm.quasinewton.DFP, peach.optm.quasinewton.SR1,
 []


Overfull \hbox (153.90521pt too wide) in paragraph at lines 224--236
\OT1/cmr/m/n/12 peach.optm.linear.Direct1D, peach.optm.linear.Fibonacci, peach.
optm.linear.GoldenRule, peach.optm.linear.Interpolation,
 []


Overfull \hbox (54.28123pt too wide) in paragraph at lines 224--236
\OT1/cmr/m/n/12 peach.optm.multivar.Direct, peach.optm.multivar.Gradient, peach
.optm.multivar.MomentumGradient,
 []

[152]
Overfull \hbox (59.00017pt too wide) in paragraph at lines 374--375
[][][]\OT1/cmr/m/n/12 delattr[][](), [][]format[][](), [][]getattribute[][](), 
[][]hash[][](), [][]new[][](), [][]reduce[][](), [][]reduce[]ex[][](),
 []

) [153]
\openout2 = `peach.optm.linear-module.aux'.

 (./peach.optm.linear-module.tex [154


] [155]
Overfull \hbox (59.00017pt too wide) in paragraph at lines 250--251
[][][]\OT1/cmr/m/n/12 delattr[][](), [][]format[][](), [][]getattribute[][](), 
[][]hash[][](), [][]new[][](), [][]reduce[][](), [][]reduce[]ex[][](),
 []

[156] [157] [158]
Overfull \hbox (59.00017pt too wide) in paragraph at lines 498--499
[][][]\OT1/cmr/m/n/12 delattr[][](), [][]format[][](), [][]getattribute[][](), 
[][]hash[][](), [][]new[][](), [][]reduce[][](), [][]reduce[]ex[][](),
 []

[159] [160] [161]
Overfull \hbox (59.00017pt too wide) in paragraph at lines 723--724
[][][]\OT1/cmr/m/n/12 delattr[][](), [][]format[][](), [][]getattribute[][](), 
[][]hash[][](), [][]new[][](), [][]reduce[][](), [][]reduce[]ex[][](),
 []

[162] [163] [164]
Overfull \hbox (59.00017pt too wide) in paragraph at lines 953--954
[][][]\OT1/cmr/m/n/12 delattr[][](), [][]format[][](), [][]getattribute[][](), 
[][]hash[][](), [][]new[][](), [][]reduce[][](), [][]reduce[]ex[][](),
 []

) [165]
\openout2 = `peach.optm.multivar-module.aux'.

 (./peach.optm.multivar-module.tex [166


] [167]
Overfull \hbox (59.00017pt too wide) in paragraph at lines 256--257
[][][]\OT1/cmr/m/n/12 delattr[][](), [][]format[][](), [][]getattribute[][](), 
[][]hash[][](), [][]new[][](), [][]reduce[][](), [][]reduce[]ex[][](),
 []

[168] [169] [170]
Overfull \hbox (59.00017pt too wide) in paragraph at lines 522--523
[][][]\OT1/cmr/m/n/12 delattr[][](), [][]format[][](), [][]getattribute[][](), 
[][]hash[][](), [][]new[][](), [][]reduce[][](), [][]reduce[]ex[][](),
 []

[171] [172] [173]
Overfull \vbox (37.69775pt too high) has occurred while \output is active []


[174] [175]
Overfull \hbox (59.00017pt too wide) in paragraph at lines 803--804
[][][]\OT1/cmr/m/n/12 delattr[][](), [][]format[][](), [][]getattribute[][](), 
[][]hash[][](), [][]new[][](), [][]reduce[][](), [][]reduce[]ex[][](),
 []

[176] [177]
Overfull \vbox (23.69775pt too high) has occurred while \output is active []


[178]
Overfull \hbox (59.00017pt too wide) in paragraph at lines 1075--1076
[][][]\OT1/cmr/m/n/12 delattr[][](), [][]format[][](), [][]getattribute[][](), 
[][]hash[][](), [][]new[][](), [][]reduce[][](), [][]reduce[]ex[][](),
 []

[179]) [180]
\openout2 = `peach.optm.quasinewton-module.aux'.

 (./peach.optm.quasinewton-module.tex [181


] [182]
Overfull \hbox (59.00017pt too wide) in paragraph at lines 263--264
[][][]\OT1/cmr/m/n/12 delattr[][](), [][]format[][](), [][]getattribute[][](), 
[][]hash[][](), [][]new[][](), [][]reduce[][](), [][]reduce[]ex[][](),
 []

[183] [184] [185]
Overfull \hbox (59.00017pt too wide) in paragraph at lines 525--526
[][][]\OT1/cmr/m/n/12 delattr[][](), [][]format[][](), [][]getattribute[][](), 
[][]hash[][](), [][]new[][](), [][]reduce[][](), [][]reduce[]ex[][](),
 []

[186] [187] [188]
Overfull \hbox (59.00017pt too wide) in paragraph at lines 785--786
[][][]\OT1/cmr/m/n/12 delattr[][](), [][]format[][](), [][]getattribute[][](), 
[][]hash[][](), [][]new[][](), [][]reduce[][](), [][]reduce[]ex[][](),
 []

[189]) [190]
\openout2 = `peach.optm.stochastic-module.aux'.

 (./peach.optm.stochastic-module.tex [191


]
Overfull \hbox (59.00017pt too wide) in paragraph at lines 166--167
[][][]\OT1/cmr/m/n/12 delattr[][](), [][]format[][](), [][]getattribute[][](), 
[][]hash[][](), [][]new[][](), [][]reduce[][](), [][]reduce[]ex[][](),
 []

[192]) [193]
\openout2 = `peach.pso-module.aux'.

 (./peach.pso-module.tex [194


]) [195]
\openout2 = `peach.pso.acc-module.aux'.

 (./peach.pso.acc-module.tex
[196


]
Overfull \hbox (59.00017pt too wide) in paragraph at lines 204--205
[][][]\OT1/cmr/m/n/12 delattr[][](), [][]format[][](), [][]getattribute[][](), 
[][]hash[][](), [][]new[][](), [][]reduce[][](), [][]reduce[]ex[][](),
 []

[197] [198]
Overfull \hbox (59.00017pt too wide) in paragraph at lines 364--365
[][][]\OT1/cmr/m/n/12 delattr[][](), [][]format[][](), [][]getattribute[][](), 
[][]hash[][](), [][]new[][](), [][]reduce[][](), [][]reduce[]ex[][](),
 []

) [199]
\openout2 = `peach.pso.base-module.aux'.

 (./peach.pso.base-module.tex [200


] [201]
Overfull \vbox (22.19774pt too high) has occurred while \output is active []


[202]
Overfull \hbox (22.19695pt too wide) in paragraph at lines 281--282
[][][]\OT1/cmr/m/n/12 add[][](), [][]contains[][](), [][]delitem[][](), [][]del
slice[][](), [][]eq[][](), [][]ge[][](), [][]getattribute[][](),
 []


Overfull \hbox (6.29546pt too wide) in paragraph at lines 281--282
[][]\OT1/cmr/m/n/12 getitem[][](), [][]getslice[][](), [][]gt[][](), [][]iadd[]
[](), [][]imul[][](), [][]iter[][](), [][]le[][](), [][]len[][](),
 []


Overfull \hbox (17.13145pt too wide) in paragraph at lines 281--282
[][]\OT1/cmr/m/n/12 lt[][](), [][]mul[][](), [][]ne[][](), [][]new[][](), [][]r
epr[][](), [][]reversed[][](), [][]rmul[][](), [][]setitem[][](),
 []


Overfull \hbox (64.80983pt too wide) in paragraph at lines 287--288
[][][]\OT1/cmr/m/n/12 delattr[][](), [][]format[][](), [][]reduce[][](), [][]re
duce[]ex[][](), [][]setattr[][](), [][]str[][](), [][]subclasshook[][]() 
 []

[203] [204]
Overfull \hbox (22.19695pt too wide) in paragraph at lines 410--411
[][][]\OT1/cmr/m/n/12 add[][](), [][]contains[][](), [][]delitem[][](), [][]del
slice[][](), [][]eq[][](), [][]ge[][](), [][]getattribute[][](),
 []


Overfull \hbox (6.29546pt too wide) in paragraph at lines 410--411
[][]\OT1/cmr/m/n/12 getitem[][](), [][]getslice[][](), [][]gt[][](), [][]iadd[]
[](), [][]imul[][](), [][]iter[][](), [][]le[][](), [][]len[][](),
 []


Overfull \hbox (17.13145pt too wide) in paragraph at lines 410--411
[][]\OT1/cmr/m/n/12 lt[][](), [][]mul[][](), [][]ne[][](), [][]new[][](), [][]r
epr[][](), [][]reversed[][](), [][]rmul[][](), [][]setitem[][](),
 []


Overfull \hbox (64.80983pt too wide) in paragraph at lines 416--417
[][][]\OT1/cmr/m/n/12 delattr[][](), [][]format[][](), [][]reduce[][](), [][]re
duce[]ex[][](), [][]setattr[][](), [][]str[][](), [][]subclasshook[][]() 
 []

) [205]
\openout2 = `peach.sa-module.aux'.

 (./peach.sa-module.tex [206


]
Overfull \hbox (8.47565pt too wide) in paragraph at lines 145--145
[]\OT1/cmtt/m/n/12 ``[low, high)`` (includes low, but excludes high).  In other
 words,[] 
 []


Overfull \hbox (39.35066pt too wide) in paragraph at lines 152--152
[]    \OT1/cmtt/m/n/12 Lower boundary of the output interval.  All values gener
ated will be[] 
 []


Overfull \hbox (39.35066pt too wide) in paragraph at lines 155--155
[]    \OT1/cmtt/m/n/12 Upper boundary of the output interval.  All values gener
ated will be[] 
 []


Overfull \hbox (57.87567pt too wide) in paragraph at lines 159--159
[]    \OT1/cmtt/m/n/12 m*n*k samples are generated.  If no shape is specified, 
a single sample[] 
 []


Overfull \hbox (37.62166pt too wide) in paragraph at lines 170--170
[]\OT1/cmtt/m/n/12 random[]integers : Discrete uniform distribution over the cl
osed interval[] 
 []


Overfull \hbox (8.47565pt too wide) in paragraph at lines 174--174
[]\OT1/cmtt/m/n/12 rand : Convenience function that accepts dimensions as input
, e.g.,[] 
 []


Overfull \hbox (33.17566pt too wide) in paragraph at lines 175--175
[]       \OT1/cmtt/m/n/12 ``rand(2,2)`` would generate a 2-by-2 array of floats
, uniformly[] 
 []

[207]
Overfull \vbox (320.41997pt too high) has occurred while \output is active []


[208]) [209]
\openout2 = `peach.sa.base-module.aux'.

 (./peach.sa.base-module.tex [210


] [211] [212]
Overfull \vbox (370.0311pt too high) has occurred while \output is active []


[213] [214]
Overfull \hbox (59.00017pt too wide) in paragraph at lines 373--374
[][][]\OT1/cmr/m/n/12 delattr[][](), [][]format[][](), [][]getattribute[][](), 
[][]hash[][](), [][]new[][](), [][]reduce[][](), [][]reduce[]ex[][](),
 []

[215] [216] [217]
Overfull \vbox (511.53111pt too high) has occurred while \output is active []


[218] [219]
Overfull \hbox (59.00017pt too wide) in paragraph at lines 705--706
[][][]\OT1/cmr/m/n/12 delattr[][](), [][]format[][](), [][]getattribute[][](), 
[][]hash[][](), [][]new[][](), [][]reduce[][](), [][]reduce[]ex[][](),
 []

) [220]
\openout2 = `peach.sa.neighbor-module.aux'.

 (./peach.sa.neighbor-module.tex
Overfull \hbox (21.16745pt too wide) in paragraph at lines 63--66
[]\OT1/cmr/bx/n/12 Known Sub-classes: \OT1/cmr/m/n/12 peach.sa.neighbor.Gaussia
nNeighbor, peach.sa.neighbor.UniformNeighbor 
 []

[221


]
Overfull \hbox (59.00017pt too wide) in paragraph at lines 187--188
[][][]\OT1/cmr/m/n/12 delattr[][](), [][]format[][](), [][]getattribute[][](), 
[][]hash[][](), [][]new[][](), [][]reduce[][](), [][]reduce[]ex[][](),
 []

[222]
Overfull \hbox (59.00017pt too wide) in paragraph at lines 322--323
[][][]\OT1/cmr/m/n/12 delattr[][](), [][]format[][](), [][]getattribute[][](), 
[][]hash[][](), [][]new[][](), [][]reduce[][](), [][]reduce[]ex[][](),
 []

[223]
Overfull \hbox (59.00017pt too wide) in paragraph at lines 477--478
[][][]\OT1/cmr/m/n/12 delattr[][](), [][]format[][](), [][]getattribute[][](), 
[][]hash[][](), [][]new[][](), [][]reduce[][](), [][]reduce[]ex[][](),
 []

[224] [225]
Overfull \hbox (59.00017pt too wide) in paragraph at lines 660--661
[][][]\OT1/cmr/m/n/12 delattr[][](), [][]format[][](), [][]getattribute[][](), 
[][]hash[][](), [][]new[][](), [][]reduce[][](), [][]reduce[]ex[][](),
 []

[226]
Overfull \hbox (59.00017pt too wide) in paragraph at lines 796--797
[][][]\OT1/cmr/m/n/12 delattr[][](), [][]format[][](), [][]getattribute[][](), 
[][]hash[][](), [][]new[][](), [][]reduce[][](), [][]reduce[]ex[][](),
 []

) [227] (./api.ind
Overfull \hbox (1.6645pt too wide) in paragraph at lines 28--30
[]| \OT1/cmr/m/n/12 peach.ga.uniform \OT1/cmr/m/it/12 (func-tion)\OT1/cmr/m/n/1
2 , [][][][][][], [][][][][][], [][][][][][] 
 []


Overfull \hbox (1.04352pt too wide) in paragraph at lines 42--44
[]| \OT1/cmr/m/n/12 peach.optm.multivar \OT1/cmr/m/it/12 (mod-ule)\OT1/cmr/m/n/
12 , [][][][][][]--[][][][][][] 
 []


Overfull \hbox (4.04626pt too wide) in paragraph at lines 44--46
[]| \OT1/cmr/m/n/12 peach.optm.quasinewton \OT1/cmr/m/it/12 (mod-ule)\OT1/cmr/m
/n/12 , [][][][][][]--
 []


Overfull \hbox (8.35455pt too wide) in paragraph at lines 46--48
[]| \OT1/cmr/m/n/12 peach.optm.stochastic \OT1/cmr/m/it/12 (mod-ule)\OT1/cmr/m/
n/12 , [][][][][][]--[][][][][][] 
 []


Overfull \hbox (7.12212pt too wide) in paragraph at lines 58--60
[]| \OT1/cmr/m/n/12 peach.standard[]normal \OT1/cmr/m/it/12 (func-tion)\OT1/cmr
/m/n/12 , [][][][][][], [][][][][][],
 []

[228



]) (./api.aux (./peach-module.aux) (./peach.fuzzy-module.aux)
(./peach.fuzzy.base-module.aux) (./peach.fuzzy.cmeans-module.aux)
(./peach.fuzzy.control-module.aux) (./peach.fuzzy.defuzzy-module.aux)
(./peach.fuzzy.mf-module.aux) (./peach.fuzzy.norms-module.aux)
(./peach.ga-module.aux) (./peach.ga.base-module.aux)
(./peach.ga.chromosome-module.aux) (./peach.ga.crossover-module.aux)
(./peach.ga.fitness-module.aux) (./peach.ga.mutation-module.aux)
(./peach.ga.selection-module.aux) (./peach.nn-module.aux)
(./peach.nn.af-module.aux) (./peach.nn.base-module.aux)
(./peach.nn.lrules-module.aux) (./peach.nn.mem-module.aux)
(./peach.nn.nnet-module.aux) (./peach.optm-module.aux)
(./peach.optm.base-module.aux) (./peach.optm.linear-module.aux)
(./peach.optm.multivar-module.aux) (./peach.optm.quasinewton-module.aux)
(./peach.optm.stochastic-module.aux) (./peach.pso-module.aux)
(./peach.pso.acc-module.aux) (./peach.pso.base-module.aux)
(./peach.sa-module.aux) (./peach.sa.base-module.aux)
(./peach.sa.neighbor-module.aux))

LaTeX Font Warning: Some font shapes were not available, defaults substituted.


LaTeX Warning: There were multiply-defined labels.

 ) 
Here is how much of TeX's memory you used:
 5917 strings out of 495042
 91157 string characters out of 1181921
 206070 words of memory out of 3000000
 8757 multiletter control sequences out of 15000+50000
 13889 words of font info for 53 fonts, out of 3000000 for 9000
 30 hyphenation exceptions out of 8191
 38i,12n,43p,1786b,435s stack positions out of 5000i,500n,10000p,200000b,50000s

Output written on api.dvi (228 pages, 1182532 bytes).
